<?xml version="1.0" encoding="UTF-8"?>
<testng-results ignored="0" total="1" passed="1" failed="0" skipped="0">
  <reporter-output>
  </reporter-output>
  <suite started-at="2021-06-08T17:42:54 IST" name="Surefire suite" finished-at="2021-06-08T17:42:59 IST" duration-ms="4151">
    <groups>
    </groups>
    <test started-at="2021-06-08T17:42:54 IST" name="Surefire test" finished-at="2021-06-08T17:42:59 IST" duration-ms="4151">
      <class name="PhantomJS_5.PhantomJS_5.FirstTest">
        <test-method signature="firsttest()[pri:0, instance:PhantomJS_5.PhantomJS_5.FirstTest@c730b35]" started-at="2021-06-08T17:42:54 IST" name="firsttest" finished-at="2021-06-08T17:42:59 IST" duration-ms="4123" status="PASS">
          <reporter-output>
          </reporter-output>
        </test-method> <!-- firsttest -->
      </class> <!-- PhantomJS_5.PhantomJS_5.FirstTest -->
    </test> <!-- Surefire test -->
  </suite> <!-- Surefire suite -->
</testng-results>
