<?xml version="1.0" encoding="UTF-8"?>
<testsuite xmlns:xsi="http://www.w3.org/2001/XMLSchema-instance" xsi:noNamespaceSchemaLocation="https://maven.apache.org/surefire/maven-surefire-plugin/xsd/surefire-test-report-3.0.xsd" version="3.0" name="PhantomJS_5.PhantomJS_5.FirstTest" time="4.499" tests="1" errors="0" skipped="0" failures="0">
  <properties>
[...]
</properties>
  <testcase name="firsttest" classname="PhantomJS_5.PhantomJS_5.FirstTest" time="4.137">
    <system-err><![CDATA[Jun 08, 2021 5:42:54 PM org.openqa.selenium.phantomjs.PhantomJSDriverService <init>
INFO: executable: C:\Users\poorvid\Downloads\PhantomJS_5-master\lib\phantomjs.exe
Jun 08, 2021 5:42:54 PM org.openqa.selenium.phantomjs.PhantomJSDriverService <init>
INFO: port: 21088
Jun 08, 2021 5:42:54 PM org.openqa.selenium.phantomjs.PhantomJSDriverService <init>
INFO: arguments: [--webdriver=21088, --webdriver-logfile=C:\Users\poorvid\Downloads\PhantomJS_5-master\phantomjsdriver.log]
Jun 08, 2021 5:42:54 PM org.openqa.selenium.phantomjs.PhantomJSDriverService <init>
INFO: environment: {}
[INFO  - 2021-06-08T12:12:57.898Z] GhostDriver - Main - running on port 21088
[INFO  - 2021-06-08T12:12:58.383Z] Session [dce4aea0-c852-11eb-8721-6f2704ab33a6] - page.settings - {"XSSAuditingEnabled":false,"javascriptCanCloseWindows":true,"javascriptCanOpenWindows":true,"javascriptEnabled":true,"loadImages":true,"localToRemoteUrlAccessEnabled":false,"userAgent":"Mozilla/5.0 (Windows NT 6.2; WOW64) AppleWebKit/538.1 (KHTML, like Gecko) PhantomJS/2.1.1 Safari/538.1","webSecurityEnabled":true}
[INFO  - 2021-06-08T12:12:58.383Z] Session [dce4aea0-c852-11eb-8721-6f2704ab33a6] - page.customHeaders:  - {}
[INFO  - 2021-06-08T12:12:58.383Z] Session [dce4aea0-c852-11eb-8721-6f2704ab33a6] - Session.negotiatedCapabilities - {"browserName":"phantomjs","version":"2.1.1","driverName":"ghostdriver","driverVersion":"1.2.0","platform":"windows-10-32bit","javascriptEnabled":true,"takesScreenshot":true,"handlesAlerts":false,"databaseEnabled":false,"locationContextEnabled":false,"applicationCacheEnabled":false,"browserConnectionEnabled":false,"cssSelectorsEnabled":true,"webStorageEnabled":false,"rotatable":false,"acceptSslCerts":false,"nativeEvents":true,"proxy":{"proxyType":"direct"}}
[INFO  - 2021-06-08T12:12:58.383Z] SessionManagerReqHand - _postNewSessionCommand - New Session Created: dce4aea0-c852-11eb-8721-6f2704ab33a6
Jun 08, 2021 5:42:58 PM org.openqa.selenium.remote.ProtocolHandshake createSession
INFO: Detected dialect: OSS
]]></system-err>
  </testcase>
</testsuite>